<?xml version="1.0" encoding="UTF-8" ?>
<testsuite failures="0" time="10.059" errors="0" skipped="0" tests="11" name="org.matsim.core.controler.ControlerTest">
  <properties>
    <property name="java.runtime.name" value="Java(TM) SE Runtime Environment"/>
    <property name="sun.boot.library.path" value="/System/Library/Frameworks/JavaVM.framework/Versions/1.6.0/Libraries"/>
    <property name="java.vm.version" value="14.1-b02-90"/>
    <property name="awt.nativeDoubleBuffering" value="true"/>
    <property name="gopherProxySet" value="false"/>
    <property name="java.vm.vendor" value="Apple Inc."/>
    <property name="java.vendor.url" value="http://www.apple.com/"/>
    <property name="path.separator" value=":"/>
    <property name="java.vm.name" value="Java HotSpot(TM) 64-Bit Server VM"/>
    <property name="file.encoding.pkg" value="sun.io"/>
    <property name="user.country" value="US"/>
    <property name="sun.java.launcher" value="SUN_STANDARD"/>
    <property name="sun.os.patch.level" value="unknown"/>
    <property name="test" value="ControlerTest"/>
    <property name="java.vm.specification.name" value="Java Virtual Machine Specification"/>
    <property name="user.dir" value="/data/coding/eclipse35/MATSim"/>
    <property name="java.runtime.version" value="1.6.0_15-b03-219"/>
    <property name="java.awt.graphicsenv" value="apple.awt.CGraphicsEnvironment"/>
    <property name="basedir" value="/data/coding/eclipse35/MATSim"/>
    <property name="java.endorsed.dirs" value="/System/Library/Frameworks/JavaVM.framework/Versions/1.6.0/Home/lib/endorsed"/>
    <property name="os.arch" value="x86_64"/>
    <property name="java.io.tmpdir" value="/var/folders/sp/spUezip4HQmbDBZGYXeB9E+++TM/-Tmp-/"/>
    <property name="line.separator" value="
"/>
    <property name="java.vm.specification.vendor" value="Sun Microsystems Inc."/>
    <property name="os.name" value="Mac OS X"/>
    <property name="classworlds.conf" value="/usr/share/maven/bin/m2.conf"/>
    <property name="sun.jnu.encoding" value="MacRoman"/>
    <property name="java.library.path" value=".:/Library/Java/Extensions:/System/Library/Java/Extensions:/usr/lib/java"/>
    <property name="surefire.test.class.path" value="/data/coding/eclipse35/MATSim/bin:/data/coding/eclipse35/MATSim/libs/geotools/mysql-connector-java-3.0.10.jar:/data/coding/eclipse35/MATSim/libs/Jama-1.0.2.jar:/data/coding/eclipse35/MATSim/libs/trove-2.0.3/lib/trove-2.0.3.jar:/data/coding/eclipse35/MATSim/libs/jgap-3.4.1.jar:/data/coding/eclipse35/MATSim/libs/jogl-1.1.1/jogl.jar:/data/coding/eclipse35/MATSim/libs/jogl-1.1.1/gluegen-rt.jar:/data/coding/eclipse35/MATSim/libs/kml-2.2-jaxb-2.1.7.jar:/data/coding/eclipse35/MATSim/libs/prefuse/prefuse.jar:/data/coding/eclipse35/MATSim/libs/jaxb-2.1.7/lib/activation.jar:/data/coding/eclipse35/MATSim/libs/jaxb-2.1.7/lib/jaxb-api.jar:/data/coding/eclipse35/MATSim/libs/jaxb-2.1.7/lib/jaxb-impl.jar:/data/coding/eclipse35/MATSim/libs/jaxb-2.1.7/lib/jaxb-xjc.jar:/data/coding/eclipse35/MATSim/libs/jaxb-2.1.7/lib/jsr173_1.0_api.jar:/data/coding/eclipse35/MATSim/libs/netcdfAll-4.0.jar:/Users/mrieser/.m2/repository/org/geotools/gt2-main/2.3.5/gt2-main-2.3.5.jar:/Users/mrieser/.m2/repository/org/geotools/gt2-api/2.3.5/gt2-api-2.3.5.jar:/Users/mrieser/.m2/repository/com/vividsolutions/jts/1.7.1/jts-1.7.1.jar:/Users/mrieser/.m2/repository/org/geotools/gt2-referencing/2.3.5/gt2-referencing-2.3.5.jar:/Users/mrieser/.m2/repository/java3d/vecmath/1.3.1/vecmath-1.3.1.jar:/Users/mrieser/.m2/repository/org/opengis/geoapi-nogenerics/2.1-M2/geoapi-nogenerics-2.1-M2.jar:/Users/mrieser/.m2/repository/javax/units/jsr108/0.01/jsr108-0.01.jar:/Users/mrieser/.m2/repository/org/geotools/gt2-coverage/2.3.5/gt2-coverage-2.3.5.jar:/Users/mrieser/.m2/repository/jdom/jdom/1.0/jdom-1.0.jar:/Users/mrieser/.m2/repository/commons-lang/commons-lang/2.1/commons-lang-2.1.jar:/Users/mrieser/.m2/repository/commons-logging/commons-logging/1.0.4/commons-logging-1.0.4.jar:/Users/mrieser/.m2/repository/edu/oswego/concurrent/1.3.4/concurrent-1.3.4.jar:/Users/mrieser/.m2/repository/org/geotools/gt2-shapefile/2.3.5/gt2-shapefile-2.3.5.jar:/Users/mrieser/.m2/repository/org/geotools/gt2-postgis/2.3.5/gt2-postgis-2.3.5.jar:/Users/mrieser/.m2/repository/postgresql/postgresql/8.1-407.jdbc3/postgresql-8.1-407.jdbc3.jar:/Users/mrieser/.m2/repository/org/postgis/postgis-driver/1.0/postgis-driver-1.0.jar:/Users/mrieser/.m2/repository/log4j/log4j/1.2.15/log4j-1.2.15.jar:/Users/mrieser/.m2/repository/org/geotools/gt2-wfs/2.3.5/gt2-wfs-2.3.5.jar:/Users/mrieser/.m2/repository/org/geotools/gt2-wms/2.3.5/gt2-wms-2.3.5.jar:/Users/mrieser/.m2/repository/org/geotools/gt2-sample-data/2.3.5/gt2-sample-data-2.3.5.jar:/Users/mrieser/.m2/repository/colt/colt/1.2.0/colt-1.2.0.jar:/Users/mrieser/.m2/repository/concurrent/concurrent/1.3.4/concurrent-1.3.4.jar:/Users/mrieser/.m2/repository/commons-collections/commons-collections/3.2/commons-collections-3.2.jar:/Users/mrieser/.m2/repository/jfree/jfreechart/1.0.7/jfreechart-1.0.7.jar:/Users/mrieser/.m2/repository/jfree/jcommon/1.0.9/jcommon-1.0.9.jar:/Users/mrieser/.m2/repository/jung/jung/1.7.6/jung-1.7.6.jar:/Users/mrieser/.m2/repository/com/lowagie/itext/2.0.6/itext-2.0.6.jar:/Users/mrieser/.m2/repository/junit/junit/3.8.2/junit-3.8.2.jar:/Users/mrieser/.m2/repository/commons-io/commons-io/1.2/commons-io-1.2.jar:/Users/mrieser/.m2/repository/xerces/xercesImpl/2.7.1/xercesImpl-2.7.1.jar:/Users/mrieser/.m2/repository/com/thoughtworks/xstream/xstream/1.3.1/xstream-1.3.1.jar:/Users/mrieser/.m2/repository/xpp3/xpp3_min/1.1.4c/xpp3_min-1.1.4c.jar:/Users/mrieser/.m2/repository/dom4j/dom4j/1.6.1/dom4j-1.6.1.jar:/Users/mrieser/.m2/repository/xml-apis/xml-apis/1.0.b2/xml-apis-1.0.b2.jar:/Users/mrieser/.m2/repository/org/apache/commons/commons-math/2.0/commons-math-2.0.jar:/Users/mrieser/.m2/repository/net/java/dev/timingframework/timingframework/1.0/timingframework-1.0.jar:/Users/mrieser/.m2/repository/de/schlichtherle/io/truezip/6.6/truezip-6.6.jar:"/>
    <property name="java.specification.name" value="Java Platform API Specification"/>
    <property name="java.class.version" value="50.0"/>
    <property name="sun.management.compiler" value="HotSpot 64-Bit Server Compiler"/>
    <property name="sun.net.client.defaultReadTimeout" value="10000"/>
    <property name="os.version" value="10.6.1"/>
    <property name="http.nonProxyHosts" value="local|*.local|169.254/16|*.169.254/16"/>
    <property name="user.home" value="/Users/mrieser"/>
    <property name="user.timezone" value="Europe/Zurich"/>
    <property name="java.awt.printerjob" value="apple.awt.CPrinterJob"/>
    <property name="java.specification.version" value="1.6"/>
    <property name="file.encoding" value="MacRoman"/>
    <property name="user.name" value="mrieser"/>
    <property name="java.class.path" value="/usr/share/maven/boot/classworlds-1.1.jar"/>
    <property name="java.vm.specification.version" value="1.0"/>
    <property name="sun.arch.data.model" value="64"/>
    <property name="java.home" value="/System/Library/Frameworks/JavaVM.framework/Versions/1.6.0/Home"/>
    <property name="sun.net.client.defaultConnectTimeout" value="10000"/>
    <property name="java.specification.vendor" value="Sun Microsystems Inc."/>
    <property name="user.language" value="en"/>
    <property name="awt.toolkit" value="apple.awt.CToolkit"/>
    <property name="java.vm.info" value="mixed mode"/>
    <property name="java.version" value="1.6.0_15"/>
    <property name="java.ext.dirs" value="/Library/Java/Extensions:/System/Library/Java/Extensions:/System/Library/Frameworks/JavaVM.framework/Versions/1.6.0/Home/lib/ext"/>
    <property name="sun.boot.class.path" value="/System/Library/Frameworks/JavaVM.framework/Versions/1.6.0/Classes/jsfd.jar:/System/Library/Frameworks/JavaVM.framework/Versions/1.6.0/Classes/classes.jar:/System/Library/Frameworks/JavaVM.framework/Frameworks/JavaRuntimeSupport.framework/Resources/Java/JavaRuntimeSupport.jar:/System/Library/Frameworks/JavaVM.framework/Versions/1.6.0/Classes/ui.jar:/System/Library/Frameworks/JavaVM.framework/Versions/1.6.0/Classes/laf.jar:/System/Library/Frameworks/JavaVM.framework/Versions/1.6.0/Classes/sunrsasign.jar:/System/Library/Frameworks/JavaVM.framework/Versions/1.6.0/Classes/jsse.jar:/System/Library/Frameworks/JavaVM.framework/Versions/1.6.0/Classes/jce.jar:/System/Library/Frameworks/JavaVM.framework/Versions/1.6.0/Classes/charsets.jar"/>
    <property name="java.vendor" value="Apple Inc."/>
    <property name="java.awt.headless" value="true"/>
    <property name="maven.home" value="/usr/share/maven"/>
    <property name="localRepository" value="/Users/mrieser/.m2/repository"/>
    <property name="file.separator" value="/"/>
    <property name="java.vendor.url.bug" value="http://bugreport.apple.com/"/>
    <property name="sun.cpu.endian" value="little"/>
    <property name="sun.io.unicode.encoding" value="UnicodeLittle"/>
    <property name="mrj.version" value="1060.1.6.0_15-219"/>
    <property name="socksNonProxyHosts" value="local|*.local|169.254/16|*.169.254/16"/>
    <property name="ftp.nonProxyHosts" value="local|*.local|169.254/16|*.169.254/16"/>
    <property name="sun.cpu.isalist" value=""/>
  </properties>
  <testcase time="5.119" name="testTravelTimeCalculation"/>
  <testcase time="0.1" name="testSetScoringFunctionFactory"/>
  <testcase time="0.117" name="testCalcMissingRoutes"/>
  <testcase time="0.217" name="testCalcMissingActLinks"/>
  <testcase time="1.883" name="testSetWriteEventsInterval"/>
  <testcase time="0.842" name="testSetWriteEventsIntervalConfig"/>
  <testcase time="0.41" name="testSetWriteEventsNever"/>
  <testcase time="0.345" name="testSetWriteEventsAlways"/>
  <testcase time="0.328" name="testSetWriteEventsTxt"/>
  <testcase time="0.324" name="testSetWriteEventsXml"/>
  <testcase time="0.324" name="testSetWriteEventsTxtXml"/>
</testsuite>